<?xml version="1.0" encoding="UTF-8"?>
<!-- Generated by org.testng.reporters.JUnitReportReporter -->
<testsuite hostname="nor-atuls-lt" failures="0" tests="1" name="com.trax.testCases.TC_addJobTest" time="59.844" errors="0" timestamp="2021-08-06T14:41:30 EDT" skipped="0">
  <testcase classname="com.trax.testCases.TC_addJobTest" name="addJobTest" time="59.844"/>
  <system-out/>
</testsuite> <!-- com.trax.testCases.TC_addJobTest -->
