<?xml version="1.0" encoding="UTF-8"?>
<!-- Generated by org.testng.reporters.JUnitReportReporter -->
<testsuite hostname="nor-atuls-lt" failures="0" tests="1" name="com.trax.testCases.TC_GETRestAssured" time="80.359" errors="0" timestamp="2021-08-06T23:10:00 EDT" skipped="0">
  <testcase classname="com.trax.testCases.TC_GETRestAssured" name="GETRestAssured" time="80.359"/>
  <system-out/>
</testsuite> <!-- com.trax.testCases.TC_GETRestAssured -->
