<?xml version="1.0" encoding="UTF-8"?>
<!-- Generated by org.testng.reporters.JUnitReportReporter -->
<testsuite hostname="nor-atuls-lt" failures="0" tests="1" name="com.trax.testCases.TC_POSTRestAssured" time="0.504" errors="0" timestamp="2021-08-08T00:24:53 EDT" skipped="0">
  <testcase classname="com.trax.testCases.TC_POSTRestAssured" name="POSTRestAssured" time="0.504"/>
  <system-out/>
</testsuite> <!-- com.trax.testCases.TC_POSTRestAssured -->
