<?xml version="1.0" encoding="UTF-8"?>
<!-- Generated by org.testng.reporters.JUnitReportReporter -->
<testsuite hostname="nor-atuls-lt" failures="0" tests="2" name="com.trax.testCases.TC_addAndPopulateJobTest" time="416.569" errors="0" timestamp="2020-03-06T10:05:38 EST" skipped="0">
  <testcase classname="com.trax.testCases.TC_addAndPopulateJobTest" name="addAndPopulateJobTest" time="299.155"/>
  <system-out/>
  <testcase classname="com.trax.testCases.TC_addAndPopulateJobTest" name="addJobTest" time="117.414"/>
  <system-out/>
</testsuite> <!-- com.trax.testCases.TC_addAndPopulateJobTest -->
