<?xml version="1.0" encoding="UTF-8"?>
<!-- Generated by org.testng.reporters.JUnitReportReporter -->
<testsuite hostname="nor-atuls-lt" failures="0" tests="3" name="com.trax.testCases.TC_convertJobTest" time="753.679" errors="0" timestamp="2020-03-06T10:05:38 EST" skipped="0">
  <testcase classname="com.trax.testCases.TC_convertJobTest" name="convertJobTest" time="329.822"/>
  <system-out/>
  <testcase classname="com.trax.testCases.TC_convertJobTest" name="addAndPopulateJobTest" time="289.999"/>
  <system-out/>
  <testcase classname="com.trax.testCases.TC_convertJobTest" name="addJobTest" time="133.858"/>
  <system-out/>
</testsuite> <!-- com.trax.testCases.TC_convertJobTest -->
