<?xml version="1.0" encoding="UTF-8"?>
<!-- Generated by org.testng.reporters.JUnitReportReporter -->
<testsuite hostname="nor-atuls-lt" failures="0" tests="1" name="com.trax.testCases.TC_addMfrTest" time="101.319" errors="0" timestamp="2020-03-06T11:42:09 EST" skipped="0">
  <testcase classname="com.trax.testCases.TC_addMfrTest" name="addMfrTest" time="101.319"/>
  <system-out/>
</testsuite> <!-- com.trax.testCases.TC_addMfrTest -->
