<?xml version="1.0" encoding="UTF-8"?>
<!-- Generated by org.testng.reporters.JUnitReportReporter -->
<testsuite hostname="nor-pljen-t01" failures="0" tests="1" name="com.trax.testCases.TC_readCollectionsAndScoreboard" time="123.251" errors="0" timestamp="2021-02-26T16:01:26 EST" skipped="0">
  <testcase classname="com.trax.testCases.TC_readCollectionsAndScoreboard" name="readCollectionsAndScoreboard" time="123.251"/>
  <system-out/>
</testsuite> <!-- com.trax.testCases.TC_readCollectionsAndScoreboard -->
