<?xml version="1.0" encoding="UTF-8"?>
<!-- Generated by org.testng.reporters.JUnitReportReporter -->
<testsuite hostname="nor-pljen-t01" failures="0" tests="3" name="com.trax.testCases.TC_convertJobTest" time="757.264" errors="0" timestamp="2020-09-14T15:20:52 EDT" skipped="0">
  <testcase classname="com.trax.testCases.TC_convertJobTest" name="convertJobTest" time="363.893"/>
  <system-out/>
  <testcase classname="com.trax.testCases.TC_convertJobTest" name="addAndPopulateJobTest" time="256.048"/>
  <system-out/>
  <testcase classname="com.trax.testCases.TC_convertJobTest" name="addJobTest" time="137.323"/>
  <system-out/>
</testsuite> <!-- com.trax.testCases.TC_convertJobTest -->
