<?xml version="1.0" encoding="UTF-8"?>
<!-- Generated by org.testng.reporters.JUnitReportReporter -->
<testsuite hostname="nor-pljen-t01" failures="0" tests="2" name="com.trax.testCases.TC_readNotificationsTest" time="737.612" errors="0" timestamp="2020-09-14T15:20:52 EDT" skipped="0">
  <testcase classname="com.trax.testCases.TC_readNotificationsTest" name="readNotificationsTest" time="603.000"/>
  <system-out/>
  <testcase classname="com.trax.testCases.TC_readNotificationsTest" name="addJobTest" time="134.612"/>
  <system-out/>
</testsuite> <!-- com.trax.testCases.TC_readNotificationsTest -->
