<?xml version="1.0" encoding="UTF-8"?>
<!-- Generated by org.testng.reporters.JUnitReportReporter -->
<testsuite hostname="nor-pljen-t01" failures="0" tests="1" name="com.trax.testCases.TC_addJobTest" time="243.632" errors="0" timestamp="2020-09-14T15:20:52 EDT" skipped="0">
  <testcase classname="com.trax.testCases.TC_addJobTest" name="addJobTest" time="243.632"/>
  <system-out/>
</testsuite> <!-- com.trax.testCases.TC_addJobTest -->
