<?xml version="1.0" encoding="UTF-8"?>
<!-- Generated by org.testng.reporters.JUnitReportReporter -->
<testsuite hostname="nor-pljen-t01" failures="0" tests="1" name="com.trax.testCases.TC_addCustomerTest" time="140.415" errors="0" timestamp="2020-09-14T15:20:52 EDT" skipped="0">
  <testcase classname="com.trax.testCases.TC_addCustomerTest" name="addCustomerTest" time="140.415"/>
  <system-out/>
</testsuite> <!-- com.trax.testCases.TC_addCustomerTest -->
