<?xml version="1.0" encoding="UTF-8"?>
<!-- Generated by org.testng.reporters.JUnitReportReporter -->
<testsuite hostname="nor-pljen-t01" failures="0" tests="1" name="com.trax.testCases.TC_addMfrTest" time="94.929" errors="0" timestamp="2020-09-14T15:20:52 EDT" skipped="0">
  <testcase classname="com.trax.testCases.TC_addMfrTest" name="addMfrTest" time="94.929"/>
  <system-out/>
</testsuite> <!-- com.trax.testCases.TC_addMfrTest -->
